<?xml version="1.0" encoding="utf-8"?><testsuites name="pytest tests"><testsuite name="pytest" errors="0" failures="0" skipped="0" tests="16" time="5.882" timestamp="2026-01-12T14:08:52.754964+00:00" hostname="agent-env-c874946a-38cd-43c7-90f9-7e0ef7a87cef"><testcase classname="tests.test_otpay_payments.TestOTPayPaymentEndpoints" name="test_health_check" time="0.071" /><testcase classname="tests.test_otpay_payments.TestOTPayPaymentEndpoints" name="test_get_applications_list" time="0.048" /><testcase classname="tests.test_otpay_payments.TestOTPayPaymentEndpoints" name="test_get_specific_application" time="0.041" /><testcase classname="tests.test_otpay_payments.TestOTPayPaymentEndpoints" name="test_payment_initiate_missing_application" time="0.043" /><testcase classname="tests.test_otpay_payments.TestOTPayPaymentEndpoints" name="test_payment_initiate_with_valid_application" time="4.272" /><testcase classname="tests.test_otpay_payments.TestOTPayPaymentEndpoints" name="test_payment_verify_nonexistent_transaction" time="0.042" /><testcase classname="tests.test_otpay_payments.TestOTPayPaymentEndpoints" name="test_get_virtual_account_nonexistent" time="0.042" /><testcase classname="tests.test_otpay_payments.TestOTPayPaymentEndpoints" name="test_get_virtual_account_for_application" time="0.108" /><testcase classname="tests.test_otpay_payments.TestOTPayPaymentEndpoints" name="test_webhook_endpoint_exists" time="0.078" /><testcase classname="tests.test_otpay_payments.TestOTPayPaymentEndpoints" name="test_webhook_ip_restriction" time="0.079" /><testcase classname="tests.test_otpay_payments.TestOTPayPaymentEndpoints" name="test_get_transaction_details" time="0.068" /><testcase classname="tests.test_otpay_payments.TestAuthenticationFlow" name="test_admin_login" time="0.308" /><testcase classname="tests.test_otpay_payments.TestAuthenticationFlow" name="test_user_dashboard_access" time="0.332" /><testcase classname="tests.test_otpay_payments.TestOTPayPaymentFlowIntegration" name="test_full_otpay_payment_flow" time="0.121" /><testcase classname="tests.test_otpay_payments.TestOTPayPaymentFlowIntegration" name="test_deposit_payment_flow" time="0.090" /><testcase classname="tests.test_otpay_payments.TestExistingVirtualAccount" name="test_reuse_existing_virtual_account" time="0.062" /></testsuite></testsuites>