<?xml version="1.0" encoding="utf-8"?><testsuites name="pytest tests"><testsuite name="pytest" errors="0" failures="0" skipped="0" tests="13" time="4.772" timestamp="2026-01-09T04:37:46.120784+00:00" hostname="agent-env-c874946a-38cd-43c7-90f9-7e0ef7a87cef"><testcase classname="tests.test_budpay_payments.TestBudPayPaymentEndpoints" name="test_health_check" time="0.055" /><testcase classname="tests.test_budpay_payments.TestBudPayPaymentEndpoints" name="test_get_applications_list" time="0.037" /><testcase classname="tests.test_budpay_payments.TestBudPayPaymentEndpoints" name="test_get_specific_application" time="0.039" /><testcase classname="tests.test_budpay_payments.TestBudPayPaymentEndpoints" name="test_payment_initiate_missing_application" time="0.040" /><testcase classname="tests.test_budpay_payments.TestBudPayPaymentEndpoints" name="test_payment_initiate_with_valid_application" time="0.319" /><testcase classname="tests.test_budpay_payments.TestBudPayPaymentEndpoints" name="test_payment_verify_nonexistent_transaction" time="0.038" /><testcase classname="tests.test_budpay_payments.TestBudPayPaymentEndpoints" name="test_payment_verify_existing_transaction" time="0.232" /><testcase classname="tests.test_budpay_payments.TestBudPayPaymentEndpoints" name="test_get_transaction_details" time="0.037" /><testcase classname="tests.test_budpay_payments.TestBudPayPaymentEndpoints" name="test_webhook_endpoint_exists" time="0.034" /><testcase classname="tests.test_budpay_payments.TestBudPayPaymentEndpoints" name="test_webhook_with_mock_success_payload" time="1.702" /><testcase classname="tests.test_budpay_payments.TestAuthenticationFlow" name="test_admin_login" time="0.313" /><testcase classname="tests.test_budpay_payments.TestAuthenticationFlow" name="test_user_dashboard_access" time="0.314" /><testcase classname="tests.test_budpay_payments.TestPaymentFlowIntegration" name="test_full_payment_flow" time="1.545" /></testsuite></testsuites>