<?xml version="1.0" encoding="utf-8"?><testsuites name="pytest tests"><testsuite name="pytest" errors="0" failures="0" skipped="0" tests="13" time="3.063" timestamp="2026-02-13T12:56:19.825776+00:00" hostname="agent-env-66b1e628-324a-4258-a47a-f4a0f162643c"><testcase classname="tests.test_pending_payments.TestAdminLogin" name="test_admin_login_success" time="0.396" /><testcase classname="tests.test_pending_payments.TestPendingPaymentsEndpoint" name="test_get_pending_payments_success" time="0.119" /><testcase classname="tests.test_pending_payments.TestAdminConfirmPaymentEndpoint" name="test_confirm_payment_missing_order_reference" time="0.118" /><testcase classname="tests.test_pending_payments.TestAdminConfirmPaymentEndpoint" name="test_confirm_payment_invalid_order_reference" time="0.105" /><testcase classname="tests.test_pending_payments.TestAdminConfirmPaymentEndpoint" name="test_confirm_payment_with_pending_transaction" time="0.104" /><testcase classname="tests.test_pending_payments.TestPaymentVerification" name="test_verify_invalid_order_ref" time="0.125" /><testcase classname="tests.test_pending_payments.TestTransactionEndpoint" name="test_get_transaction_invalid_ref" time="0.115" /><testcase classname="tests.test_pending_payments.TestTransactionEndpoint" name="test_get_transaction_valid_ref" time="0.332" /><testcase classname="tests.test_pending_payments.TestWebhookEndpoint" name="test_webhook_missing_data" time="0.114" /><testcase classname="tests.test_pending_payments.TestWebhookEndpoint" name="test_webhook_invalid_reference" time="0.123" /><testcase classname="tests.test_pending_payments.TestDashboardIntegration" name="test_admin_can_view_applications" time="0.442" /><testcase classname="tests.test_pending_payments.TestDashboardIntegration" name="test_admin_can_view_users" time="0.472" /><testcase classname="tests.test_pending_payments.TestDashboardIntegration" name="test_admin_can_view_transactions" time="0.433" /></testsuite></testsuites>