<?xml version="1.0" encoding="utf-8"?><testsuites name="pytest tests"><testsuite name="pytest" errors="3" failures="1" skipped="0" tests="13" time="2.885" timestamp="2026-02-13T12:56:02.665966+00:00" hostname="agent-env-66b1e628-324a-4258-a47a-f4a0f162643c"><testcase classname="tests.test_pending_payments.TestAdminLogin" name="test_admin_login_success" time="0.458"><failure message="AssertionError: No token in response&#10;assert 'token' in {'access_token': 'eyJhbGciOiJIUzI1NiIsInR5cCI6IkpXVCJ9.eyJzdWIiOiJrZHJpZGU2QGdtYWlsLmNvbSIsImV4cCI6MTc3MTA3Mzc2M30.fPxwjdPgYJD5nm8RuI2KkSTgpg4zANioUo_5RxsfeTw', 'token_type': 'bearer', 'user': {'created_at': '2025-12-24T06:31:12.149000', 'email': 'kdride6@gmail.com', 'full_name': 'Cashflows Mfb', 'id': '694b88b0e721bb6c9e2dbd0a', ...}}">tests/test_pending_payments.py:29: in test_admin_login_success
    assert "token" in data, "No token in response"
E   AssertionError: No token in response
E   assert 'token' in {'access_token': 'eyJhbGciOiJIUzI1NiIsInR5cCI6IkpXVCJ9.eyJzdWIiOiJrZHJpZGU2QGdtYWlsLmNvbSIsImV4cCI6MTc3MTA3Mzc2M30.fPxwjdPgYJD5nm8RuI2KkSTgpg4zANioUo_5RxsfeTw', 'token_type': 'bearer', 'user': {'created_at': '2025-12-24T06:31:12.149000', 'email': 'kdride6@gmail.com', 'full_name': 'Cashflows Mfb', 'id': '694b88b0e721bb6c9e2dbd0a', ...}}</failure></testcase><testcase classname="tests.test_pending_payments.TestPendingPaymentsEndpoint" name="test_get_pending_payments_success" time="0.131" /><testcase classname="tests.test_pending_payments.TestAdminConfirmPaymentEndpoint" name="test_confirm_payment_missing_order_reference" time="0.162" /><testcase classname="tests.test_pending_payments.TestAdminConfirmPaymentEndpoint" name="test_confirm_payment_invalid_order_reference" time="0.118" /><testcase classname="tests.test_pending_payments.TestAdminConfirmPaymentEndpoint" name="test_confirm_payment_with_pending_transaction" time="0.100" /><testcase classname="tests.test_pending_payments.TestPaymentVerification" name="test_verify_invalid_order_ref" time="0.113" /><testcase classname="tests.test_pending_payments.TestTransactionEndpoint" name="test_get_transaction_invalid_ref" time="0.113" /><testcase classname="tests.test_pending_payments.TestTransactionEndpoint" name="test_get_transaction_valid_ref" time="0.254" /><testcase classname="tests.test_pending_payments.TestWebhookEndpoint" name="test_webhook_missing_data" time="0.131" /><testcase classname="tests.test_pending_payments.TestWebhookEndpoint" name="test_webhook_invalid_reference" time="0.143" /><testcase classname="tests.test_pending_payments.TestDashboardIntegration" name="test_admin_can_view_applications" time="0.327"><error message="failed on setup with &quot;KeyError: 'token'&quot;">tests/test_pending_payments.py:210: in auth_token
    return response.json()["token"]
           ^^^^^^^^^^^^^^^^^^^^^^^^
E   KeyError: 'token'</error></testcase><testcase classname="tests.test_pending_payments.TestDashboardIntegration" name="test_admin_can_view_users" time="0.398"><error message="failed on setup with &quot;KeyError: 'token'&quot;">tests/test_pending_payments.py:210: in auth_token
    return response.json()["token"]
           ^^^^^^^^^^^^^^^^^^^^^^^^
E   KeyError: 'token'</error></testcase><testcase classname="tests.test_pending_payments.TestDashboardIntegration" name="test_admin_can_view_transactions" time="0.339"><error message="failed on setup with &quot;KeyError: 'token'&quot;">tests/test_pending_payments.py:210: in auth_token
    return response.json()["token"]
           ^^^^^^^^^^^^^^^^^^^^^^^^
E   KeyError: 'token'</error></testcase></testsuite></testsuites>